<html>
<head>
<title>TestNG:  Test</title>
<link href="../testng.css" rel="stylesheet" type="text/css" />
<link href="../my-testng.css" rel="stylesheet" type="text/css" />

<style type="text/css">
.log { display: none;} 
.stack-trace { display: none;} 
</style>
<script type="text/javascript">
<!--
function flip(e) {
  current = e.style.display;
  if (current == 'block') {
    e.style.display = 'none';
    return 0;
  }
  else {
    e.style.display = 'block';
    return 1;
  }
}

function toggleBox(szDivId, elem, msg1, msg2)
{
  var res = -1;  if (document.getElementById) {
    res = flip(document.getElementById(szDivId));
  }
  else if (document.all) {
    // this is the way old msie versions work
    res = flip(document.all[szDivId]);
  }
  if(elem) {
    if(res == 0) elem.innerHTML = msg1; else elem.innerHTML = msg2;
  }

}

function toggleAllBoxes() {
  if (document.getElementsByTagName) {
    d = document.getElementsByTagName('div');
    for (i = 0; i < d.length; i++) {
      if (d[i].className == 'log') {
        flip(d[i]);
      }
    }
  }
}

// -->
</script>

</head>
<body>
<h2 align='center'>Test</h2><table border='1' align="center">
<tr>
<td>Tests passed/Failed/Skipped:</td><td>22/2/1</td>
</tr><tr>
<td>Started on:</td><td>Wed Jan 12 20:04:43 IST 2022</td>
</tr>
<tr><td>Total time:</td><td>77 seconds (77318 ms)</td>
</tr><tr>
<td>Included groups:</td><td></td>
</tr><tr>
<td>Excluded groups:</td><td></td>
</tr>
</table><p/>
<small><i>(Hover the method name to see the test class name)</i></small><p/>
<table width='100%' border='1' class='invocation-failed'>
<tr><td colspan='4' align='center'><b>FAILED TESTS</b></td></tr>
<tr><td><b>Test method</b></td>
<td width="30%"><b>Exception</b></td>
<td width="10%"><b>Time (seconds)</b></td>
<td><b>Instance</b></td>
</tr>
<tr>
<td title='testngPrograms.LoginTestCaseWithDependsOnMethod.loginWithValidUser()'><b>loginWithValidUser</b><br>Test class: testngPrograms.LoginTestCaseWithDependsOnMethod</td>
<td><div><pre>java.lang.ArithmeticException: / by zero
	at testngPrograms.LoginTestCaseWithDependsOnMethod.loginWithValidUser(LoginTestCaseWithDependsOnMethod.java:8)
	at java.util.ArrayList.forEach(ArrayList.java:1259)
... Removed 27 stack frames</pre></div><a href='#' onClick='toggleBox("stack-trace1269118128", this, "Click to show all stack frames", "Click to hide stack frames")'>Click to show all stack frames</a>
<div class='stack-trace' id='stack-trace1269118128'><pre>java.lang.ArithmeticException: / by zero
	at testngPrograms.LoginTestCaseWithDependsOnMethod.loginWithValidUser(LoginTestCaseWithDependsOnMethod.java:8)
	at sun.reflect.NativeMethodAccessorImpl.invoke0(Native Method)
	at sun.reflect.NativeMethodAccessorImpl.invoke(NativeMethodAccessorImpl.java:62)
	at sun.reflect.DelegatingMethodAccessorImpl.invoke(DelegatingMethodAccessorImpl.java:43)
	at java.lang.reflect.Method.invoke(Method.java:498)
	at org.testng.internal.MethodInvocationHelper.invokeMethod(MethodInvocationHelper.java:133)
	at org.testng.internal.TestInvoker.invokeMethod(TestInvoker.java:598)
	at org.testng.internal.TestInvoker.invokeTestMethod(TestInvoker.java:173)
	at org.testng.internal.MethodRunner.runInSequence(MethodRunner.java:46)
	at org.testng.internal.TestInvoker$MethodInvocationAgent.invoke(TestInvoker.java:824)
	at org.testng.internal.TestInvoker.invokeTestMethods(TestInvoker.java:146)
	at org.testng.internal.TestMethodWorker.invokeTestMethods(TestMethodWorker.java:146)
	at org.testng.internal.TestMethodWorker.run(TestMethodWorker.java:128)
	at java.util.ArrayList.forEach(ArrayList.java:1259)
	at org.testng.TestRunner.privateRun(TestRunner.java:794)
	at org.testng.TestRunner.run(TestRunner.java:596)
	at org.testng.SuiteRunner.runTest(SuiteRunner.java:377)
	at org.testng.SuiteRunner.runSequentially(SuiteRunner.java:371)
	at org.testng.SuiteRunner.privateRun(SuiteRunner.java:332)
	at org.testng.SuiteRunner.run(SuiteRunner.java:276)
	at org.testng.SuiteRunnerWorker.runSuite(SuiteRunnerWorker.java:53)
	at org.testng.SuiteRunnerWorker.run(SuiteRunnerWorker.java:96)
	at org.testng.TestNG.runSuitesSequentially(TestNG.java:1212)
	at org.testng.TestNG.runSuitesLocally(TestNG.java:1134)
	at org.testng.TestNG.runSuites(TestNG.java:1063)
	at org.testng.TestNG.run(TestNG.java:1031)
	at org.testng.remote.AbstractRemoteTestNG.run(AbstractRemoteTestNG.java:115)
	at org.testng.remote.RemoteTestNG.initAndRun(RemoteTestNG.java:251)
	at org.testng.remote.RemoteTestNG.main(RemoteTestNG.java:77)
</pre></div></td>
<td>0</td>
<td>testngPrograms.LoginTestCaseWithDependsOnMethod@37d31475</td></tr>
<tr>
<td title='testngPrograms.LoginTestCaseWithTimeOut.loginWithValidUser()'><b>loginWithValidUser</b><br>Test class: testngPrograms.LoginTestCaseWithTimeOut</td>
<td><div><pre>org.testng.internal.thread.ThreadTimeoutException: Method testngPrograms.LoginTestCaseWithTimeOut.loginWithValidUser() didn&apos;t finish within the time-out 2000
	at java.util.ArrayList.forEach(ArrayList.java:1259)
... Removed 24 stack frames</pre></div><a href='#' onClick='toggleBox("stack-trace1488946768", this, "Click to show all stack frames", "Click to hide stack frames")'>Click to show all stack frames</a>
<div class='stack-trace' id='stack-trace1488946768'><pre>org.testng.internal.thread.ThreadTimeoutException: Method testngPrograms.LoginTestCaseWithTimeOut.loginWithValidUser() didn&apos;t finish within the time-out 2000
	at org.testng.internal.MethodInvocationHelper.invokeWithTimeoutWithNewExecutor(MethodInvocationHelper.java:384)
	at org.testng.internal.MethodInvocationHelper.invokeWithTimeout(MethodInvocationHelper.java:283)
	at org.testng.internal.TestInvoker.invokeMethod(TestInvoker.java:604)
	at org.testng.internal.TestInvoker.invokeTestMethod(TestInvoker.java:173)
	at org.testng.internal.MethodRunner.runInSequence(MethodRunner.java:46)
	at org.testng.internal.TestInvoker$MethodInvocationAgent.invoke(TestInvoker.java:824)
	at org.testng.internal.TestInvoker.invokeTestMethods(TestInvoker.java:146)
	at org.testng.internal.TestMethodWorker.invokeTestMethods(TestMethodWorker.java:146)
	at org.testng.internal.TestMethodWorker.run(TestMethodWorker.java:128)
	at java.util.ArrayList.forEach(ArrayList.java:1259)
	at org.testng.TestRunner.privateRun(TestRunner.java:794)
	at org.testng.TestRunner.run(TestRunner.java:596)
	at org.testng.SuiteRunner.runTest(SuiteRunner.java:377)
	at org.testng.SuiteRunner.runSequentially(SuiteRunner.java:371)
	at org.testng.SuiteRunner.privateRun(SuiteRunner.java:332)
	at org.testng.SuiteRunner.run(SuiteRunner.java:276)
	at org.testng.SuiteRunnerWorker.runSuite(SuiteRunnerWorker.java:53)
	at org.testng.SuiteRunnerWorker.run(SuiteRunnerWorker.java:96)
	at org.testng.TestNG.runSuitesSequentially(TestNG.java:1212)
	at org.testng.TestNG.runSuitesLocally(TestNG.java:1134)
	at org.testng.TestNG.runSuites(TestNG.java:1063)
	at org.testng.TestNG.run(TestNG.java:1031)
	at org.testng.remote.AbstractRemoteTestNG.run(AbstractRemoteTestNG.java:115)
	at org.testng.remote.RemoteTestNG.initAndRun(RemoteTestNG.java:251)
	at org.testng.remote.RemoteTestNG.main(RemoteTestNG.java:77)
</pre></div></td>
<td>2</td>
<td>testngPrograms.LoginTestCaseWithTimeOut@36b4cef0</td></tr>
</table><p>
<table width='100%' border='1' class='invocation-passed'>
<tr><td colspan='4' align='center'><b>PASSED TESTS</b></td></tr>
<tr><td><b>Test method</b></td>
<td width="30%"><b>Exception</b></td>
<td width="10%"><b>Time (seconds)</b></td>
<td><b>Instance</b></td>
</tr>
<tr>
<td title='testngPrograms.LoginTestCaseWithPriority.loginWithEmpty()'><b>loginWithEmpty</b><br>Test class: testngPrograms.LoginTestCaseWithPriority</td>
<td></td>
<td>0</td>
<td>testngPrograms.LoginTestCaseWithPriority@3234e239</td></tr>
<tr>
<td title='testngPrograms.GoogleApplicationWithBeforeAfterMethod.testGoogleLandingPage()'><b>testGoogleLandingPage</b><br>Test class: testngPrograms.GoogleApplicationWithBeforeAfterMethod</td>
<td></td>
<td>0</td>
<td>testngPrograms.GoogleApplicationWithBeforeAfterMethod@2c039ac6</td></tr>
<tr>
<td title='testngPrograms.LoginTestCase.loginWithInValidUser()'><b>loginWithInValidUser</b><br>Test class: testngPrograms.LoginTestCase</td>
<td></td>
<td>0</td>
<td>testngPrograms.LoginTestCase@3e57cd70</td></tr>
<tr>
<td title='testngPrograms.LoginTestCase.loginWithEmpty()'><b>loginWithEmpty</b><br>Test class: testngPrograms.LoginTestCase</td>
<td></td>
<td>0</td>
<td>testngPrograms.LoginTestCase@3e57cd70</td></tr>
<tr>
<td title='testngPrograms.GoogleApplicationWithBeforeAfterTest.testSearch()'><b>testSearch</b><br>Test class: testngPrograms.GoogleApplicationWithBeforeAfterTest</td>
<td></td>
<td>2</td>
<td>testngPrograms.GoogleApplicationWithBeforeAfterTest@7a187f14</td></tr>
<tr>
<td title='testngPrograms.GoogleApplicationWithBeforeAfterTestMethod.testSearch()'><b>testSearch</b><br>Test class: testngPrograms.GoogleApplicationWithBeforeAfterTestMethod</td>
<td></td>
<td>3</td>
<td>testngPrograms.GoogleApplicationWithBeforeAfterTestMethod@27808f31</td></tr>
<tr>
<td title='testngPrograms.LoginTestCaseWithDescription.loginWithValidUser()'><b>loginWithValidUser</b><br>Test class: testngPrograms.LoginTestCaseWithDescription<br>Test method: TC1: Login with valid user</td>
<td></td>
<td>0</td>
<td>testngPrograms.LoginTestCaseWithDescription@1d8d30f7</td></tr>
<tr>
<td title='testngPrograms.SampleTesting.testCase1()'><b>testCase1</b><br>Test class: testngPrograms.SampleTesting</td>
<td></td>
<td>0</td>
<td>testngPrograms.SampleTesting@c46bcd4</td></tr>
<tr>
<td title='testngPrograms.LoginTestCaseWithPriority.loginWithInValidUser()'><b>loginWithInValidUser</b><br>Test class: testngPrograms.LoginTestCaseWithPriority</td>
<td></td>
<td>0</td>
<td>testngPrograms.LoginTestCaseWithPriority@3234e239</td></tr>
<tr>
<td title='testngPrograms.LoginTestCase.loginWithValidUser()'><b>loginWithValidUser</b><br>Test class: testngPrograms.LoginTestCase</td>
<td></td>
<td>0</td>
<td>testngPrograms.LoginTestCase@3e57cd70</td></tr>
<tr>
<td title='testngPrograms.ActiTimeLogin.logoutAndClose()'><b>logoutAndClose</b><br>Test class: testngPrograms.ActiTimeLogin</td>
<td></td>
<td>6</td>
<td>testngPrograms.ActiTimeLogin@9a7504c</td></tr>
<tr>
<td title='testngPrograms.LoginTestCaseWithTimeOut.loginWithInValidUser()'><b>loginWithInValidUser</b><br>Test class: testngPrograms.LoginTestCaseWithTimeOut</td>
<td></td>
<td>1</td>
<td>testngPrograms.LoginTestCaseWithTimeOut@36b4cef0</td></tr>
<tr>
<td title='testngPrograms.ActiTimeLoginWithAssertCondition.openBroserAndLogin()'><b>openBroserAndLogin</b><br>Test class: testngPrograms.ActiTimeLoginWithAssertCondition</td>
<td></td>
<td>11</td>
<td>testngPrograms.ActiTimeLoginWithAssertCondition@32d2fa64</td></tr>
<tr>
<td title='testngPrograms.ActiTimeLoginWithAssertCondition.logoutAndClose()'><b>logoutAndClose</b><br>Test class: testngPrograms.ActiTimeLoginWithAssertCondition</td>
<td></td>
<td>6</td>
<td>testngPrograms.ActiTimeLoginWithAssertCondition@32d2fa64</td></tr>
<tr>
<td title='testngPrograms.LoginTestCaseWithDescription.loginWithInValidUser()'><b>loginWithInValidUser</b><br>Test class: testngPrograms.LoginTestCaseWithDescription<br>Test method: TC2: Login with invalid user</td>
<td></td>
<td>0</td>
<td>testngPrograms.LoginTestCaseWithDescription@1d8d30f7</td></tr>
<tr>
<td title='testngPrograms.GoogleApplicationWithBeforeAfterTest.testGoogleLandingPage()'><b>testGoogleLandingPage</b><br>Test class: testngPrograms.GoogleApplicationWithBeforeAfterTest</td>
<td></td>
<td>0</td>
<td>testngPrograms.GoogleApplicationWithBeforeAfterTest@7a187f14</td></tr>
<tr>
<td title='testngPrograms.LoginTestCaseWithEnable.loginWithValidUser()'><b>loginWithValidUser</b><br>Test class: testngPrograms.LoginTestCaseWithEnable</td>
<td></td>
<td>0</td>
<td>testngPrograms.LoginTestCaseWithEnable@436e852b</td></tr>
<tr>
<td title='testngPrograms.LoginTestCaseWithDescription.loginWithEmpty()'><b>loginWithEmpty</b><br>Test class: testngPrograms.LoginTestCaseWithDescription<br>Test method: TC3: Login with empty user</td>
<td></td>
<td>0</td>
<td>testngPrograms.LoginTestCaseWithDescription@1d8d30f7</td></tr>
<tr>
<td title='testngPrograms.GoogleApplicationWithBeforeAfterTestMethod.testGoogleLandingPage()'><b>testGoogleLandingPage</b><br>Test class: testngPrograms.GoogleApplicationWithBeforeAfterTestMethod</td>
<td></td>
<td>0</td>
<td>testngPrograms.GoogleApplicationWithBeforeAfterTestMethod@27808f31</td></tr>
<tr>
<td title='testngPrograms.ActiTimeLogin.openBroserAndLogin()'><b>openBroserAndLogin</b><br>Test class: testngPrograms.ActiTimeLogin</td>
<td></td>
<td>9</td>
<td>testngPrograms.ActiTimeLogin@9a7504c</td></tr>
<tr>
<td title='testngPrograms.GoogleApplicationWithBeforeAfterMethod.testSearch()'><b>testSearch</b><br>Test class: testngPrograms.GoogleApplicationWithBeforeAfterMethod</td>
<td></td>
<td>5</td>
<td>testngPrograms.GoogleApplicationWithBeforeAfterMethod@2c039ac6</td></tr>
<tr>
<td title='testngPrograms.LoginTestCaseWithPriority.loginWithValidUser()'><b>loginWithValidUser</b><br>Test class: testngPrograms.LoginTestCaseWithPriority</td>
<td></td>
<td>0</td>
<td>testngPrograms.LoginTestCaseWithPriority@3234e239</td></tr>
</table><p>
<table width='100%' border='1' class='invocation-skipped'>
<tr><td colspan='4' align='center'><b>SKIPPED TESTS</b></td></tr>
<tr><td><b>Test method</b></td>
<td width="30%"><b>Exception</b></td>
<td width="10%"><b>Time (seconds)</b></td>
<td><b>Instance</b></td>
</tr>
<tr>
<td title='testngPrograms.LoginTestCaseWithDependsOnMethod.createTask()'><b>createTask</b><br>Test class: testngPrograms.LoginTestCaseWithDependsOnMethod</td>
<td><div><pre>java.lang.Throwable: Method LoginTestCaseWithDependsOnMethod.createTask()[pri:0, instance:testngPrograms.LoginTestCaseWithDependsOnMethod@37d31475] depends on not successfully finished methods
	at java.util.ArrayList.forEach(ArrayList.java:1259)
... Removed 18 stack frames</pre></div><a href='#' onClick='toggleBox("stack-trace1313960293", this, "Click to show all stack frames", "Click to hide stack frames")'>Click to show all stack frames</a>
<div class='stack-trace' id='stack-trace1313960293'><pre>java.lang.Throwable: Method LoginTestCaseWithDependsOnMethod.createTask()[pri:0, instance:testngPrograms.LoginTestCaseWithDependsOnMethod@37d31475] depends on not successfully finished methods
	at org.testng.internal.TestInvoker.invokeTestMethods(TestInvoker.java:102)
	at org.testng.internal.TestMethodWorker.invokeTestMethods(TestMethodWorker.java:146)
	at org.testng.internal.TestMethodWorker.run(TestMethodWorker.java:128)
	at java.util.ArrayList.forEach(ArrayList.java:1259)
	at org.testng.TestRunner.privateRun(TestRunner.java:794)
	at org.testng.TestRunner.run(TestRunner.java:596)
	at org.testng.SuiteRunner.runTest(SuiteRunner.java:377)
	at org.testng.SuiteRunner.runSequentially(SuiteRunner.java:371)
	at org.testng.SuiteRunner.privateRun(SuiteRunner.java:332)
	at org.testng.SuiteRunner.run(SuiteRunner.java:276)
	at org.testng.SuiteRunnerWorker.runSuite(SuiteRunnerWorker.java:53)
	at org.testng.SuiteRunnerWorker.run(SuiteRunnerWorker.java:96)
	at org.testng.TestNG.runSuitesSequentially(TestNG.java:1212)
	at org.testng.TestNG.runSuitesLocally(TestNG.java:1134)
	at org.testng.TestNG.runSuites(TestNG.java:1063)
	at org.testng.TestNG.run(TestNG.java:1031)
	at org.testng.remote.AbstractRemoteTestNG.run(AbstractRemoteTestNG.java:115)
	at org.testng.remote.RemoteTestNG.initAndRun(RemoteTestNG.java:251)
	at org.testng.remote.RemoteTestNG.main(RemoteTestNG.java:77)
</pre></div></td>
<td>0</td>
<td>testngPrograms.LoginTestCaseWithDependsOnMethod@37d31475</td></tr>
</table><p>
</body>
</html>